<?xml version="1.0" encoding="UTF-8"?>
<!-- Generated by org.testng.reporters.JUnitXMLReporter -->
<testsuite ignored="0" hostname="DESKTOP-B86JE8J" failures="0" tests="3" name="Default test" time="17.31" errors="0" timestamp="2023-07-09T19:50:26 BDT">
  <testcase classname="Automation.InvocationCount" name="Test1" time="7.052"/>
  <testcase classname="Automation.InvocationCount" name="Test1" time="5.594"/>
  <testcase classname="Automation.InvocationCount" name="Test1" time="4.62"/>
</testsuite> <!-- Default test -->
