<?xml version="1.0" encoding="UTF-8"?>
<!-- Generated by org.testng.reporters.JUnitXMLReporter -->
<testsuite ignored="4" hostname="DESKTOP-B86JE8J" failures="0" tests="6" name="Test" time="0.052" errors="0" timestamp="2023-06-18T23:00:08 BDT">
  <testcase classname="Automation.GroupTC" name="test1" time="0.006"/>
  <testcase classname="Automation.GroupTC" name="test2" time="0.001"/>
  <testcase classname="Automation.GroupTC" name="test3" time="0.001"/>
  <testcase classname="Automation.GroupTC" name="test4" time="0.0"/>
  <testcase classname="Automation.GroupTC2" name="test10" time="0.001"/>
  <testcase classname="Automation.GroupTC2" name="test7" time="0.002"/>
  <testcase classname="Automation.GroupTC" name="test5" time="0.0">
    <ignored/>
  </testcase> <!-- test5 -->
  <testcase classname="Automation.GroupTC2" name="test8" time="0.0">
    <ignored/>
  </testcase> <!-- test8 -->
  <testcase classname="Automation.GroupTC2" name="test9" time="0.0">
    <ignored/>
  </testcase> <!-- test9 -->
  <testcase classname="Automation.GroupTC2" name="test6" time="0.0">
    <ignored/>
  </testcase> <!-- test6 -->
</testsuite> <!-- Test -->
