<?xml version="1.0" encoding="UTF-8"?>
<!-- Generated by org.testng.reporters.JUnitXMLReporter -->
<testsuite ignored="2" hostname="DESKTOP-B86JE8J" failures="0" tests="1" name="Test1" time="13.053" errors="0" timestamp="2023-07-10T23:13:31 BDT">
  <testcase classname="Screenshot.TestClass" name="TestGoogle" time="8.251"/>
  <testcase classname="Screenshot.TestClass" name="TestFacebook" time="0.0">
    <ignored/>
  </testcase> <!-- TestFacebook -->
  <testcase classname="Screenshot.TestClass" name="TestOrangeHRM" time="0.0">
    <ignored/>
  </testcase> <!-- TestOrangeHRM -->
</testsuite> <!-- Test1 -->
