<?xml version="1.0" encoding="UTF-8"?>
<testng-results ignored="0" total="2" passed="2" failed="0" skipped="0">
  <reporter-output>
  </reporter-output>
  <suite started-at="2023-07-05T21:52:23 BDT" name="Default suite" finished-at="2023-07-05T21:52:23 BDT" duration-ms="50">
    <groups>
    </groups>
    <test started-at="2023-07-05T21:52:23 BDT" name="Default test" finished-at="2023-07-05T21:52:23 BDT" duration-ms="50">
      <class name="Automation.DataProviderTest5">
        <test-method signature="Login([Ljava.lang.Object;)[pri:0, instance:Automation.DataProviderTest5@3c46e67a]" started-at="2023-07-05T21:52:23 BDT" name="Login" data-provider="dp1" finished-at="2023-07-05T21:52:23 BDT" duration-ms="6" status="PASS">
          <params>
            <param index="0">
              <value>
                <![CDATA[[Ljava.lang.Object;@be35cd9]]>
              </value>
            </param>
          </params>
          <reporter-output>
          </reporter-output>
        </test-method> <!-- Login -->
        <test-method signature="Login([Ljava.lang.Object;)[pri:0, instance:Automation.DataProviderTest5@3c46e67a]" started-at="2023-07-05T21:52:23 BDT" name="Login" data-provider="dp1" finished-at="2023-07-05T21:52:23 BDT" duration-ms="1" status="PASS">
          <params>
            <param index="0">
              <value>
                <![CDATA[[Ljava.lang.Object;@41e1e210]]>
              </value>
            </param>
          </params>
          <reporter-output>
          </reporter-output>
        </test-method> <!-- Login -->
      </class> <!-- Automation.DataProviderTest5 -->
    </test> <!-- Default test -->
  </suite> <!-- Default suite -->
</testng-results>
